{"D:\\JS_Learning\\graphiql-app\\src\\UI\\CustomButton\\CustomButton.tsx": {"path":"D:\\JS_Learning\\graphiql-app\\src\\UI\\CustomButton\\CustomButton.tsx","statementMap":{"0":{"start":{"line":16,"column":2},"end":{"line":25,"column":4}},"1":{"start":{"line":10,"column":0},"end":{"line":10,"column":24}}},"fnMap":{"0":{"name":"CustomButton","decl":{"start":{"line":10,"column":24},"end":{"line":10,"column":36}},"loc":{"start":{"line":15,"column":15},"end":{"line":26,"column":1}}}},"branchMap":{},"s":{"0":1,"1":1},"f":{"0":1},"b":{}}
,"D:\\JS_Learning\\graphiql-app\\src\\UI\\Toggler\\Toggler.tsx": {"path":"D:\\JS_Learning\\graphiql-app\\src\\UI\\Toggler\\Toggler.tsx","statementMap":{"0":{"start":{"line":3,"column":0},"end":{"line":3,"column":56}},"1":{"start":{"line":6,"column":0},"end":{"line":6,"column":67}},"2":{"start":{"line":8,"column":35},"end":{"line":34,"column":1}},"3":{"start":{"line":14,"column":45},"end":{"line":19,"column":3}},"4":{"start":{"line":17,"column":26},"end":{"line":17,"column":57}},"5":{"start":{"line":18,"column":4},"end":{"line":18,"column":20}},"6":{"start":{"line":21,"column":2},"end":{"line":33,"column":4}},"7":{"start":{"line":36,"column":0},"end":{"line":36,"column":23}}},"fnMap":{"0":{"name":"(anonymous_1)","decl":{"start":{"line":8,"column":35},"end":{"line":8,"column":36}},"loc":{"start":{"line":13,"column":33},"end":{"line":34,"column":1}}},"1":{"name":"(anonymous_2)","decl":{"start":{"line":14,"column":45},"end":{"line":14,"column":null}},"loc":{"start":{"line":16,"column":12},"end":{"line":19,"column":3}}}},"branchMap":{"0":{"loc":{"start":{"line":17,"column":26},"end":{"line":17,"column":57}},"type":"cond-expr","locations":[{"start":{"line":17,"column":49},"end":{"line":17,"column":51}},{"start":{"line":17,"column":54},"end":{"line":17,"column":57}}]}},"s":{"0":1,"1":1,"2":1,"3":1,"4":0,"5":0,"6":1,"7":1},"f":{"0":1,"1":0},"b":{"0":[0,0]}}
}
